# JRE version: OpenJDK Runtime Environment Corretto-18.0.2.9.1 (18.0.2+9) (build 18.0.2+9-FR)
# Java VM: OpenJDK 64-Bit Server VM Corretto-18.0.2.9.1 (18.0.2+9-FR, mixed mode, sharing, tiered, compressed oops, compressed class ptrs, g1 gc, windows-amd64)
GC Precious Log:
 CardTable entry size: 512
 Card Set container configuration: InlinePtr #cards 5 size 8 Array Of Cards #cards 12 size 40 Howl #buckets 4 coarsen threshold 1843 Howl Bitmap #cards 512 size 80 coarsen threshold 460 Card regions per heap region 1 cards per card region 2048
 CPUs: 2 total, 2 available
 Memory: 8190M
 Large Page Support: Disabled
 NUMA Support: Disabled
 Compressed Oops: Enabled (32-bit)
 Heap Region Size: 1M
 Heap Min Capacity: 8M
 Heap Initial Capacity: 128M
 Heap Max Capacity: 2G
 Pre-touch: Disabled
 Parallel Workers: 2
 Concurrent Workers: 1
 Concurrent Refinement Workers: 2
 Periodic GC: Disabled
Heap:
 garbage-first heap   total 197632K, used 133285K [0x0000000080000000, 0x0000000100000000)
  region size 1024K, 83 young (84992K), 11 survivors (11264K)
 Metaspace       used 83830K, committed 84480K, reserved 1179648K
  class space    used 11056K, committed 11328K, reserved 1048576K
GC Heap History (20 events):
Event: 10.433 GC heap before
{Heap before GC invocations=13 (full 0):
 garbage-first heap   total 59392K, used 43972K [0x0000000080000000, 0x0000000100000000)
  region size 1024K, 27 young (27648K), 4 survivors (4096K)
 Metaspace       used 56353K, committed 56768K, reserved 1114112K
  class space    used 7466K, committed 7680K, reserved 1048576K
}
Event: 10.459 GC heap after
{Heap after GC invocations=14 (full 0):
 garbage-first heap   total 59392K, used 24937K [0x0000000080000000, 0x0000000100000000)
  region size 1024K, 4 young (4096K), 4 survivors (4096K)
 Metaspace       used 56353K, committed 56768K, reserved 1114112K
  class space    used 7466K, committed 7680K, reserved 1048576K
}
Event: 11.097 GC heap before
{Heap before GC invocations=14 (full 0):
 garbage-first heap   total 59392K, used 43369K [0x0000000080000000, 0x0000000100000000)
  region size 1024K, 23 young (23552K), 4 survivors (4096K)
 Metaspace       used 59073K, committed 59520K, reserved 1114112K
  class space    used 7933K, committed 8128K, reserved 1048576K
}
Event: 11.108 GC heap after
{Heap after GC invocations=15 (full 0):
 garbage-first heap   total 71680K, used 25280K [0x0000000080000000, 0x0000000100000000)
  region size 1024K, 2 young (2048K), 2 survivors (2048K)
 Metaspace       used 59073K, committed 59520K, reserved 1114112K
  class space    used 7933K, committed 8128K, reserved 1048576K
}
Event: 11.294 GC heap before
{Heap before GC invocations=15 (full 0):
 garbage-first heap   total 71680K, used 29376K [0x0000000080000000, 0x0000000100000000)
  region size 1024K, 7 young (7168K), 2 survivors (2048K)
 Metaspace       used 59927K, committed 60416K, reserved 1114112K
  class space    used 8082K, committed 8320K, reserved 1048576K
}
Event: 11.300 GC heap after
{Heap after GC invocations=16 (full 0):
 garbage-first heap   total 71680K, used 25016K [0x0000000080000000, 0x0000000100000000)
  region size 1024K, 2 young (2048K), 2 survivors (2048K)
 Metaspace       used 59927K, committed 60416K, reserved 1114112K
  class space    used 8082K, committed 8320K, reserved 1048576K
}
Event: 12.417 GC heap before
{Heap before GC invocations=17 (full 0):
 garbage-first heap   total 71680K, used 51640K [0x0000000080000000, 0x0000000100000000)
  region size 1024K, 22 young (22528K), 2 survivors (2048K)
 Metaspace       used 63591K, committed 64064K, reserved 1114112K
  class space    used 8600K, committed 8832K, reserved 1048576K
}
Event: 12.425 GC heap after
{Heap after GC invocations=18 (full 0):
 garbage-first heap   total 71680K, used 25997K [0x0000000080000000, 0x0000000100000000)
  region size 1024K, 3 young (3072K), 3 survivors (3072K)
 Metaspace       used 63591K, committed 64064K, reserved 1114112K
  class space    used 8600K, committed 8832K, reserved 1048576K
}
Event: 12.446 GC heap before
{Heap before GC invocations=18 (full 0):
 garbage-first heap   total 71680K, used 30093K [0x0000000080000000, 0x0000000100000000)
  region size 1024K, 4 young (4096K), 3 survivors (3072K)
 Metaspace       used 63596K, committed 64128K, reserved 1114112K
  class space    used 8600K, committed 8832K, reserved 1048576K
}
Event: 12.454 GC heap after
{Heap after GC invocations=19 (full 0):
 garbage-first heap   total 71680K, used 26331K [0x0000000080000000, 0x0000000100000000)
  region size 1024K, 2 young (2048K), 2 survivors (2048K)
 Metaspace       used 63596K, committed 64128K, reserved 1114112K
  class space    used 8600K, committed 8832K, reserved 1048576K
}
Event: 12.482 GC heap before
{Heap before GC invocations=19 (full 0):
 garbage-first heap   total 71680K, used 35547K [0x0000000080000000, 0x0000000100000000)
  region size 1024K, 6 young (6144K), 2 survivors (2048K)
 Metaspace       used 63605K, committed 64128K, reserved 1114112K
  class space    used 8600K, committed 8832K, reserved 1048576K
}
Event: 12.486 GC heap after
{Heap after GC invocations=20 (full 0):
 garbage-first heap   total 71680K, used 32027K [0x0000000080000000, 0x0000000100000000)
  region size 1024K, 2 young (2048K), 2 survivors (2048K)
 Metaspace       used 63605K, committed 64128K, reserved 1114112K
  class space    used 8600K, committed 8832K, reserved 1048576K
}
Event: 12.490 GC heap before
{Heap before GC invocations=20 (full 0):
 garbage-first heap   total 71680K, used 33051K [0x0000000080000000, 0x0000000100000000)
  region size 1024K, 3 young (3072K), 2 survivors (2048K)
 Metaspace       used 63605K, committed 64128K, reserved 1114112K
  class space    used 8600K, committed 8832K, reserved 1048576K
}
Event: 12.494 GC heap after
{Heap after GC invocations=21 (full 0):
 garbage-first heap   total 71680K, used 32011K [0x0000000080000000, 0x0000000100000000)
  region size 1024K, 2 young (2048K), 2 survivors (2048K)
 Metaspace       used 63605K, committed 64128K, reserved 1114112K
  class space    used 8600K, committed 8832K, reserved 1048576K
}
Event: 12.505 GC heap before
{Heap before GC invocations=21 (full 0):
 garbage-first heap   total 71680K, used 34059K [0x0000000080000000, 0x0000000100000000)
  region size 1024K, 4 young (4096K), 2 survivors (2048K)
 Metaspace       used 63606K, committed 64128K, reserved 1114112K
  class space    used 8600K, committed 8832K, reserved 1048576K
}
Event: 12.512 GC heap after
{Heap after GC invocations=22 (full 0):
 garbage-first heap   total 197632K, used 25862K [0x0000000080000000, 0x0000000100000000)
  region size 1024K, 2 young (2048K), 2 survivors (2048K)
 Metaspace       used 63606K, committed 64128K, reserved 1114112K
  class space    used 8600K, committed 8832K, reserved 1048576K
}
Event: 17.098 GC heap before
{Heap before GC invocations=22 (full 0):
 garbage-first heap   total 197632K, used 162054K [0x0000000080000000, 0x0000000100000000)
  region size 1024K, 113 young (115712K), 2 survivors (2048K)
 Metaspace       used 75720K, committed 76224K, reserved 1179648K
  class space    used 10038K, committed 10240K, reserved 1048576K
}
Event: 17.173 GC heap after
{Heap after GC invocations=23 (full 0):
 garbage-first heap   total 197632K, used 49713K [0x0000000080000000, 0x0000000100000000)
  region size 1024K, 15 young (15360K), 15 survivors (15360K)
 Metaspace       used 75720K, committed 76224K, reserved 1179648K
  class space    used 10038K, committed 10240K, reserved 1048576K
}
Event: 19.779 GC heap before
{Heap before GC invocations=23 (full 0):
 garbage-first heap   total 197632K, used 126513K [0x0000000080000000, 0x0000000100000000)
  region size 1024K, 90 young (92160K), 15 survivors (15360K)
 Metaspace       used 80942K, committed 81536K, reserved 1179648K
  class space    used 10703K, committed 11008K, reserved 1048576K
}
Event: 19.842 GC heap after
{Heap after GC invocations=24 (full 0):
 garbage-first heap   total 197632K, used 59557K [0x0000000080000000, 0x0000000100000000)
  region size 1024K, 11 young (11264K), 11 survivors (11264K)
 Metaspace       used 80942K, committed 81536K, reserved 1179648K
  class space    used 10703K, committed 11008K, reserved 1048576K
}

